<?xml version="1.0" encoding="UTF-8"?>
<!-- Generated by org.testng.reporters.JUnitReportReporter -->
<testsuite hostname="BOG-LCABRERA" failures="0" tests="1" name="com.chekingURL.test.CheckURLTest" time="65.588" errors="0" timestamp="2021-08-02T20:11:57 COT" skipped="0">
  <testcase classname="com.chekingURL.test.CheckURLTest" name="f" time="65.588"/>
  <system-out/>
</testsuite> <!-- com.chekingURL.test.CheckURLTest -->
